<?xml version="1.0" encoding="UTF-8"?>
<!-- Generated by org.testng.reporters.JUnitReportReporter -->
<testsuite hostname="Pragti" failures="0" tests="4" name="tests.RunnerRunner" time="0.268" errors="0" timestamp="2024-03-29T14:33:47 IST" skipped="0">
  <testcase classname="tests.RunnerRunner" name="runScenario" time="0.038"/>
  <testcase classname="tests.RunnerRunner" name="runScenario" time="0.020"/>
  <testcase classname="tests.RunnerRunner" name="runScenario" time="0.164"/>
  <testcase classname="tests.RunnerRunner" name="runScenario" time="0.046"/>
</testsuite> <!-- tests.RunnerRunner -->
